<?xml version="1.0" encoding="UTF-8"?>
<!-- Generated by org.testng.reporters.JUnitXMLReporter -->
<testsuite ignored="0" hostname="LAPTOP-U5LOQQ11" failures="1" tests="1" name="ChromeTest" time="44.528" errors="0" timestamp="2025-01-16T17:56:54 GST">
  <testcase classname="testCase.ManageContactTest" name="editContactDetailsAndVerifySuccessAlertMessage" time="2.117">
    <failure type="java.lang.NullPointerException" message="Cannot invoke &amp;quot;org.apache.poi.xssf.usermodel.XSSFRow.getCell(int)&amp;quot; because &amp;quot;r&amp;quot; is null">
      <![CDATA[java.lang.NullPointerException: Cannot invoke "org.apache.poi.xssf.usermodel.XSSFRow.getCell(int)" because "r" is null
at utilities.ExcelUtilities.readExcelData(ExcelUtilities.java:24)
at testCase.BaseClass.groceryApplicationLogin(BaseClass.java:27)
at testCase.ManageContactTest.editContactDetailsAndVerifySuccessAlertMessage(ManageContactTest.java:28)
at java.base/java.util.ArrayList.forEach(ArrayList.java:1511)
at java.base/java.util.concurrent.FutureTask.run(FutureTask.java:264)
at java.base/java.util.concurrent.ThreadPoolExecutor.runWorker(ThreadPoolExecutor.java:1136)
at java.base/java.util.concurrent.ThreadPoolExecutor$Worker.run(ThreadPoolExecutor.java:635)
at java.base/java.lang.Thread.run(Thread.java:840)
... Removed 17 stack frames]]>
    </failure>
  </testcase> <!-- editContactDetailsAndVerifySuccessAlertMessage -->
</testsuite> <!-- ChromeTest -->
