<?xml version="1.0" encoding="UTF-8"?>
<!-- Generated by org.testng.reporters.JUnitXMLReporter -->
<testsuite ignored="0" hostname="LAPTOP-U5LOQQ11" failures="0" tests="5" name="ChromeTest" time="88.962" errors="0" timestamp="2025-01-15T19:04:47 GST">
  <testcase classname="testCase.CategoryPageTest" name="addNewCategoryAndVerifySuccessAlert" time="9.071"/>
  <testcase classname="testCase.CategoryPageTest" name="createDuplicateCategoryAndVerifyCategoryAlreadyExistAlertMessage" time="7.21"/>
  <testcase classname="testCase.CategoryPageTest" name="searchingCreatedCategoryAndVerifyListCategory" time="2.595"/>
  <testcase classname="testCase.CategoryPageTest" name="deletingCreatedCategoryAndVerifyDeleteAlertMessage" time="4.385"/>
  <testcase classname="testCase.CategoryPageTest" name="editingCreatedCategoryAndVerifyUpdatedSuccessfullyAlert" time="13.242"/>
</testsuite> <!-- ChromeTest -->
