<?xml version="1.0" encoding="UTF-8"?>
<!-- Generated by org.testng.reporters.JUnitXMLReporter -->
<testsuite ignored="0" hostname="LAPTOP-U5LOQQ11" failures="0" tests="4" name="edgeTest" time="33.122" errors="0" timestamp="2025-01-14T06:10:32 GST">
  <testcase classname="testCase.LoginPageTest" name="loginWithInvalidCredential" time="1.055"/>
  <testcase classname="testCase.LoginPageTest" name="loginWithInvalidCredential" time="1.171"/>
  <testcase classname="testCase.LoginPageTest" name="loginWithInvalidCredential" time="1.529"/>
  <testcase classname="testCase.LoginPageTest" name="loginWithValidCredential" time="1.803"/>
</testsuite> <!-- edgeTest -->
